# Logfile created on Sat Jul 05 21:49:49 -0500 2008 by /
**** Started log at Sat Jul 05 21:49:49 -0500 2008
**** Started log at Sat Jul 05 21:50:54 -0500 2008
No translation for <Created at>!
No translation for <Created at>!
No translation for <Departamento>!
No translation for <Departamento>!
No translation for <Id>!
No translation for <Id>!
No translation for <Nombre>!
No translation for <Nombre>!
No translation for <Updated at>!
No translation for <Updated at>!
No translation for <Created at>!
No translation for <Created at>!
No translation for <Departamento>!
No translation for <Departamento>!
No translation for <Id>!
No translation for <Id>!
No translation for <Nombre>!
No translation for <Nombre>!
No translation for <Updated at>!
No translation for <Updated at>!
No translation for <Apellidos>!
No translation for <Apellidos>!
No translation for <Ciudad>!
No translation for <Ciudad>!
No translation for <Created at>!
No translation for <Created at>!
No translation for <Departamento>!
No translation for <Departamento>!
No translation for <Direccion>!
No translation for <Direccion>!
No translation for <Documento>!
No translation for <Documento>!
No translation for <Email>!
No translation for <Email>!
No translation for <Id>!
No translation for <Id>!
No translation for <Movil>!
No translation for <Movil>!
No translation for <Nombres>!
No translation for <Nombres>!
No translation for <Password>!
No translation for <Password>!
No translation for <Telefono 1>!
No translation for <Telefono 1>!
No translation for <Telefono 2>!
No translation for <Telefono 2>!
No translation for <Tipo doc>!
No translation for <Tipo doc>!
No translation for <Updated at>!
No translation for <Updated at>!
No translation for <Username>!
No translation for <Username>!
**** Started log at Sat Jul 05 22:04:34 -0500 2008
No translation for <Apellidos>!
No translation for <Apellidos>!
No translation for <Ciudad>!
No translation for <Ciudad>!
No translation for <Created at>!
No translation for <Created at>!
No translation for <Departamento>!
No translation for <Departamento>!
No translation for <Direccion>!
No translation for <Direccion>!
No translation for <Documento>!
No translation for <Documento>!
No translation for <Email>!
No translation for <Email>!
No translation for <Id>!
No translation for <Id>!
No translation for <Movil>!
No translation for <Movil>!
No translation for <Nombres>!
No translation for <Nombres>!
No translation for <Password>!
No translation for <Password>!
No translation for <Telefono 1>!
No translation for <Telefono 1>!
No translation for <Telefono 2>!
No translation for <Telefono 2>!
No translation for <Tipo doc>!
No translation for <Tipo doc>!
No translation for <Updated at>!
No translation for <Updated at>!
No translation for <Username>!
No translation for <Username>!
No translation for <Apellidos>!
No translation for <Apellidos>!
No translation for <Ciudad>!
No translation for <Ciudad>!
No translation for <Created at>!
No translation for <Created at>!
No translation for <Departamento>!
No translation for <Departamento>!
No translation for <Direccion>!
No translation for <Direccion>!
No translation for <Documento>!
No translation for <Documento>!
No translation for <Email>!
No translation for <Email>!
No translation for <Id>!
No translation for <Id>!
No translation for <Movil>!
No translation for <Movil>!
No translation for <Nombres>!
No translation for <Nombres>!
No translation for <Password>!
No translation for <Password>!
No translation for <Telefono 1>!
No translation for <Telefono 1>!
No translation for <Telefono 2>!
No translation for <Telefono 2>!
No translation for <Tipo doc>!
No translation for <Tipo doc>!
No translation for <Updated at>!
No translation for <Updated at>!
No translation for <Username>!
No translation for <Username>!
No translation for <Apellidos>!
No translation for <Apellidos>!
No translation for <Ciudad>!
No translation for <Ciudad>!
No translation for <Created at>!
No translation for <Created at>!
No translation for <Departamento>!
No translation for <Departamento>!
No translation for <Direccion>!
No translation for <Direccion>!
No translation for <Documento>!
No translation for <Documento>!
No translation for <Email>!
No translation for <Email>!
No translation for <Id>!
No translation for <Id>!
No translation for <Movil>!
No translation for <Movil>!
No translation for <Nombres>!
No translation for <Nombres>!
No translation for <Password>!
No translation for <Password>!
No translation for <Telefono 1>!
No translation for <Telefono 1>!
No translation for <Telefono 2>!
No translation for <Telefono 2>!
No translation for <Tipo doc>!
No translation for <Tipo doc>!
No translation for <Updated at>!
No translation for <Updated at>!
No translation for <Username>!
No translation for <Username>!
No translation for <Apellidos>!
No translation for <Apellidos>!
No translation for <Ciudad>!
No translation for <Ciudad>!
No translation for <Created at>!
No translation for <Created at>!
No translation for <Departamento>!
No translation for <Departamento>!
No translation for <Direccion>!
No translation for <Direccion>!
No translation for <Documento>!
No translation for <Documento>!
No translation for <Email>!
No translation for <Email>!
No translation for <Id>!
No translation for <Id>!
No translation for <Movil>!
No translation for <Movil>!
No translation for <Nombres>!
No translation for <Nombres>!
No translation for <Password>!
No translation for <Password>!
No translation for <Telefono 1>!
No translation for <Telefono 1>!
No translation for <Telefono 2>!
No translation for <Telefono 2>!
No translation for <Tipo doc>!
No translation for <Tipo doc>!
No translation for <Updated at>!
No translation for <Updated at>!
No translation for <Username>!
No translation for <Username>!
No translation for <Apellidos>!
No translation for <Apellidos>!
No translation for <Ciudad>!
No translation for <Ciudad>!
No translation for <Created at>!
No translation for <Created at>!
No translation for <Departamento>!
No translation for <Departamento>!
No translation for <Direccion>!
No translation for <Direccion>!
No translation for <Documento>!
No translation for <Documento>!
No translation for <Email>!
No translation for <Email>!
No translation for <Id>!
No translation for <Id>!
No translation for <Movil>!
No translation for <Movil>!
No translation for <Nombres>!
No translation for <Nombres>!
No translation for <Password>!
No translation for <Password>!
No translation for <Telefono 1>!
No translation for <Telefono 1>!
No translation for <Telefono 2>!
No translation for <Telefono 2>!
No translation for <Tipo doc>!
No translation for <Tipo doc>!
No translation for <Updated at>!
No translation for <Updated at>!
No translation for <Username>!
No translation for <Username>!
No translation for <Apellidos>!
No translation for <Apellidos>!
No translation for <Ciudad>!
No translation for <Ciudad>!
No translation for <Created at>!
No translation for <Created at>!
No translation for <Departamento>!
No translation for <Departamento>!
No translation for <Direccion>!
No translation for <Direccion>!
No translation for <Documento>!
No translation for <Documento>!
No translation for <Email>!
No translation for <Email>!
No translation for <Id>!
No translation for <Id>!
No translation for <Movil>!
No translation for <Movil>!
No translation for <Nombres>!
No translation for <Nombres>!
No translation for <Password>!
No translation for <Password>!
No translation for <Telefono 1>!
No translation for <Telefono 1>!
No translation for <Telefono 2>!
No translation for <Telefono 2>!
No translation for <Tipo doc>!
No translation for <Tipo doc>!
No translation for <Updated at>!
No translation for <Updated at>!
No translation for <Username>!
No translation for <Username>!
No translation for <Apellidos>!
No translation for <Apellidos>!
No translation for <Ciudad>!
No translation for <Ciudad>!
No translation for <Created at>!
No translation for <Created at>!
No translation for <Departamento>!
No translation for <Departamento>!
No translation for <Direccion>!
No translation for <Direccion>!
No translation for <Documento>!
No translation for <Documento>!
No translation for <Email>!
No translation for <Email>!
No translation for <Id>!
No translation for <Id>!
No translation for <Movil>!
No translation for <Movil>!
No translation for <Nombres>!
No translation for <Nombres>!
No translation for <Password>!
No translation for <Password>!
No translation for <Telefono 1>!
No translation for <Telefono 1>!
No translation for <Telefono 2>!
No translation for <Telefono 2>!
No translation for <Tipo doc>!
No translation for <Tipo doc>!
No translation for <Updated at>!
No translation for <Updated at>!
No translation for <Username>!
No translation for <Username>!
No translation for <Apellidos>!
No translation for <Apellidos>!
No translation for <Ciudad>!
No translation for <Ciudad>!
No translation for <Created at>!
No translation for <Created at>!
No translation for <Departamento>!
No translation for <Departamento>!
No translation for <Direccion>!
No translation for <Direccion>!
No translation for <Documento>!
No translation for <Documento>!
No translation for <Email>!
No translation for <Email>!
No translation for <Id>!
No translation for <Id>!
No translation for <Movil>!
No translation for <Movil>!
No translation for <Nombres>!
No translation for <Nombres>!
No translation for <Password>!
No translation for <Password>!
No translation for <Telefono 1>!
No translation for <Telefono 1>!
No translation for <Telefono 2>!
No translation for <Telefono 2>!
No translation for <Tipo doc>!
No translation for <Tipo doc>!
No translation for <Updated at>!
No translation for <Updated at>!
No translation for <Username>!
No translation for <Username>!
No translation for <Apellidos>!
No translation for <Apellidos>!
No translation for <Ciudad>!
No translation for <Ciudad>!
No translation for <Created at>!
No translation for <Created at>!
No translation for <Departamento>!
No translation for <Departamento>!
No translation for <Direccion>!
No translation for <Direccion>!
No translation for <Documento>!
No translation for <Documento>!
No translation for <Email>!
No translation for <Email>!
No translation for <Id>!
No translation for <Id>!
No translation for <Movil>!
No translation for <Movil>!
No translation for <Nombres>!
No translation for <Nombres>!
No translation for <Password>!
No translation for <Password>!
No translation for <Telefono 1>!
No translation for <Telefono 1>!
No translation for <Telefono 2>!
No translation for <Telefono 2>!
No translation for <Tipo doc>!
No translation for <Tipo doc>!
No translation for <Updated at>!
No translation for <Updated at>!
No translation for <Username>!
No translation for <Username>!
No translation for <Apellidos>!
No translation for <Apellidos>!
No translation for <Ciudad>!
No translation for <Ciudad>!
No translation for <Created at>!
No translation for <Created at>!
No translation for <Departamento>!
No translation for <Departamento>!
No translation for <Direccion>!
No translation for <Direccion>!
No translation for <Documento>!
No translation for <Documento>!
No translation for <Email>!
No translation for <Email>!
No translation for <Id>!
No translation for <Id>!
No translation for <Movil>!
No translation for <Movil>!
No translation for <Nombres>!
No translation for <Nombres>!
No translation for <Password>!
No translation for <Password>!
No translation for <Telefono 1>!
No translation for <Telefono 1>!
No translation for <Telefono 2>!
No translation for <Telefono 2>!
No translation for <Tipo doc>!
No translation for <Tipo doc>!
No translation for <Updated at>!
No translation for <Updated at>!
No translation for <Username>!
No translation for <Username>!
No translation for <Apellidos>!
No translation for <Apellidos>!
No translation for <Ciudad>!
No translation for <Ciudad>!
No translation for <Created at>!
No translation for <Created at>!
No translation for <Departamento>!
No translation for <Departamento>!
No translation for <Direccion>!
No translation for <Direccion>!
No translation for <Documento>!
No translation for <Documento>!
No translation for <Email>!
No translation for <Email>!
No translation for <Id>!
No translation for <Id>!
No translation for <Movil>!
No translation for <Movil>!
No translation for <Nombres>!
No translation for <Nombres>!
No translation for <Password>!
No translation for <Password>!
No translation for <Telefono 1>!
No translation for <Telefono 1>!
No translation for <Telefono 2>!
No translation for <Telefono 2>!
No translation for <Tipo doc>!
No translation for <Tipo doc>!
No translation for <Updated at>!
No translation for <Updated at>!
No translation for <Username>!
No translation for <Username>!
**** Started log at Sat Jul 05 22:18:40 -0500 2008
No translation for <Apellidos>!
No translation for <Apellidos>!
No translation for <Ciudad>!
No translation for <Ciudad>!
No translation for <Created at>!
No translation for <Created at>!
No translation for <Departamento>!
No translation for <Departamento>!
No translation for <Direccion>!
No translation for <Direccion>!
No translation for <Documento>!
No translation for <Documento>!
No translation for <Email>!
No translation for <Email>!
No translation for <Id>!
No translation for <Id>!
No translation for <Movil>!
No translation for <Movil>!
No translation for <Nombres>!
No translation for <Nombres>!
No translation for <Password>!
No translation for <Password>!
No translation for <Telefono 1>!
No translation for <Telefono 1>!
No translation for <Telefono 2>!
No translation for <Telefono 2>!
No translation for <Tipo doc>!
No translation for <Tipo doc>!
No translation for <Updated at>!
No translation for <Updated at>!
No translation for <Username>!
No translation for <Username>!
**** Started log at Sat Jul 05 22:20:44 -0500 2008
No translation for <Apellidos>!
No translation for <Apellidos>!
No translation for <Ciudad>!
No translation for <Ciudad>!
No translation for <Created at>!
No translation for <Created at>!
No translation for <Departamento>!
No translation for <Departamento>!
No translation for <Direccion>!
No translation for <Direccion>!
No translation for <Documento>!
No translation for <Documento>!
No translation for <Email>!
No translation for <Email>!
No translation for <Id>!
No translation for <Id>!
No translation for <Movil>!
No translation for <Movil>!
No translation for <Nombres>!
No translation for <Nombres>!
No translation for <Password>!
No translation for <Password>!
No translation for <Telefono 1>!
No translation for <Telefono 1>!
No translation for <Telefono 2>!
No translation for <Telefono 2>!
No translation for <Tipo doc>!
No translation for <Tipo doc>!
No translation for <Updated at>!
No translation for <Updated at>!
No translation for <Username>!
No translation for <Username>!
No translation for <Apellidos>!
No translation for <Apellidos>!
No translation for <Ciudad>!
No translation for <Ciudad>!
No translation for <Created at>!
No translation for <Created at>!
No translation for <Departamento>!
No translation for <Departamento>!
No translation for <Direccion>!
No translation for <Direccion>!
No translation for <Documento>!
No translation for <Documento>!
No translation for <Email>!
No translation for <Email>!
No translation for <Id>!
No translation for <Id>!
No translation for <Movil>!
No translation for <Movil>!
No translation for <Nombres>!
No translation for <Nombres>!
No translation for <Password>!
No translation for <Password>!
No translation for <Telefono 1>!
No translation for <Telefono 1>!
No translation for <Telefono 2>!
No translation for <Telefono 2>!
No translation for <Tipo doc>!
No translation for <Tipo doc>!
No translation for <Updated at>!
No translation for <Updated at>!
No translation for <Username>!
No translation for <Username>!
**** Started log at Sat Jul 05 22:26:06 -0500 2008
**** Started log at Sat Jul 05 22:27:06 -0500 2008
**** Started log at Sat Jul 05 22:30:40 -0500 2008
No translation for <Apellidos>!
No translation for <Apellidos>!
No translation for <Ciudad>!
No translation for <Ciudad>!
No translation for <Created at>!
No translation for <Created at>!
No translation for <Departamento>!
No translation for <Departamento>!
No translation for <Direccion>!
No translation for <Direccion>!
No translation for <Documento>!
No translation for <Documento>!
No translation for <Email>!
No translation for <Email>!
No translation for <Id>!
No translation for <Id>!
No translation for <Movil>!
No translation for <Movil>!
No translation for <Nombres>!
No translation for <Nombres>!
No translation for <Password>!
No translation for <Password>!
No translation for <Telefono 1>!
No translation for <Telefono 1>!
No translation for <Telefono 2>!
No translation for <Telefono 2>!
No translation for <Tipo doc>!
No translation for <Tipo doc>!
No translation for <Updated at>!
No translation for <Updated at>!
No translation for <Username>!
No translation for <Username>!
No translation for <Apellidos>!
No translation for <Apellidos>!
No translation for <Ciudad>!
No translation for <Ciudad>!
No translation for <Created at>!
No translation for <Created at>!
No translation for <Departamento>!
No translation for <Departamento>!
No translation for <Direccion>!
No translation for <Direccion>!
No translation for <Documento>!
No translation for <Documento>!
No translation for <Email>!
No translation for <Email>!
No translation for <Id>!
No translation for <Id>!
No translation for <Movil>!
No translation for <Movil>!
No translation for <Nombres>!
No translation for <Nombres>!
No translation for <Password>!
No translation for <Password>!
No translation for <Telefono 1>!
No translation for <Telefono 1>!
No translation for <Telefono 2>!
No translation for <Telefono 2>!
No translation for <Tipo doc>!
No translation for <Tipo doc>!
No translation for <Updated at>!
No translation for <Updated at>!
No translation for <Username>!
No translation for <Username>!
No translation for <Apellidos>!
No translation for <Apellidos>!
No translation for <Ciudad>!
No translation for <Ciudad>!
No translation for <Created at>!
No translation for <Created at>!
No translation for <Departamento>!
No translation for <Departamento>!
No translation for <Direccion>!
No translation for <Direccion>!
No translation for <Documento>!
No translation for <Documento>!
No translation for <Email>!
No translation for <Email>!
No translation for <Id>!
No translation for <Id>!
No translation for <Movil>!
No translation for <Movil>!
No translation for <Nombres>!
No translation for <Nombres>!
No translation for <Password>!
No translation for <Password>!
No translation for <Telefono 1>!
No translation for <Telefono 1>!
No translation for <Telefono 2>!
No translation for <Telefono 2>!
No translation for <Tipo doc>!
No translation for <Tipo doc>!
No translation for <Updated at>!
No translation for <Updated at>!
No translation for <Username>!
No translation for <Username>!
No translation for <Apellidos>!
No translation for <Apellidos>!
No translation for <Ciudad>!
No translation for <Ciudad>!
No translation for <Created at>!
No translation for <Created at>!
No translation for <Departamento>!
No translation for <Departamento>!
No translation for <Direccion>!
No translation for <Direccion>!
No translation for <Documento>!
No translation for <Documento>!
No translation for <Email>!
No translation for <Email>!
No translation for <Id>!
No translation for <Id>!
No translation for <Movil>!
No translation for <Movil>!
No translation for <Nombres>!
No translation for <Nombres>!
No translation for <Password>!
No translation for <Password>!
No translation for <Telefono 1>!
No translation for <Telefono 1>!
No translation for <Telefono 2>!
No translation for <Telefono 2>!
No translation for <Tipo doc>!
No translation for <Tipo doc>!
No translation for <Updated at>!
No translation for <Updated at>!
No translation for <Username>!
No translation for <Username>!
No translation for <Apellidos>!
No translation for <Apellidos>!
No translation for <Ciudad>!
No translation for <Ciudad>!
No translation for <Created at>!
No translation for <Created at>!
No translation for <Departamento>!
No translation for <Departamento>!
No translation for <Direccion>!
No translation for <Direccion>!
No translation for <Documento>!
No translation for <Documento>!
No translation for <Email>!
No translation for <Email>!
No translation for <Id>!
No translation for <Id>!
No translation for <Movil>!
No translation for <Movil>!
No translation for <Nombres>!
No translation for <Nombres>!
No translation for <Password>!
No translation for <Password>!
No translation for <Telefono 1>!
No translation for <Telefono 1>!
No translation for <Telefono 2>!
No translation for <Telefono 2>!
No translation for <Tipo doc>!
No translation for <Tipo doc>!
No translation for <Updated at>!
No translation for <Updated at>!
No translation for <Username>!
No translation for <Username>!
No translation for <Apellidos>!
No translation for <Apellidos>!
No translation for <Ciudad>!
No translation for <Ciudad>!
No translation for <Created at>!
No translation for <Created at>!
No translation for <Departamento>!
No translation for <Departamento>!
No translation for <Direccion>!
No translation for <Direccion>!
No translation for <Documento>!
No translation for <Documento>!
No translation for <Email>!
No translation for <Email>!
No translation for <Id>!
No translation for <Id>!
No translation for <Movil>!
No translation for <Movil>!
No translation for <Nombres>!
No translation for <Nombres>!
No translation for <Password>!
No translation for <Password>!
No translation for <Telefono 1>!
No translation for <Telefono 1>!
No translation for <Telefono 2>!
No translation for <Telefono 2>!
No translation for <Tipo doc>!
No translation for <Tipo doc>!
No translation for <Updated at>!
No translation for <Updated at>!
No translation for <Username>!
No translation for <Username>!
No translation for <Apellidos>!
No translation for <Apellidos>!
No translation for <Ciudad>!
No translation for <Ciudad>!
No translation for <Created at>!
No translation for <Created at>!
No translation for <Departamento>!
No translation for <Departamento>!
No translation for <Direccion>!
No translation for <Direccion>!
No translation for <Documento>!
No translation for <Documento>!
No translation for <Email>!
No translation for <Email>!
No translation for <Id>!
No translation for <Id>!
No translation for <Movil>!
No translation for <Movil>!
No translation for <Nombres>!
No translation for <Nombres>!
No translation for <Password>!
No translation for <Password>!
No translation for <Telefono 1>!
No translation for <Telefono 1>!
No translation for <Telefono 2>!
No translation for <Telefono 2>!
No translation for <Tipo doc>!
No translation for <Tipo doc>!
No translation for <Updated at>!
No translation for <Updated at>!
No translation for <Username>!
No translation for <Username>!
No translation for <Apellidos>!
No translation for <Apellidos>!
No translation for <Ciudad>!
No translation for <Ciudad>!
No translation for <Created at>!
No translation for <Created at>!
No translation for <Departamento>!
No translation for <Departamento>!
No translation for <Direccion>!
No translation for <Direccion>!
No translation for <Documento>!
No translation for <Documento>!
No translation for <Email>!
No translation for <Email>!
No translation for <Id>!
No translation for <Id>!
No translation for <Movil>!
No translation for <Movil>!
No translation for <Nombres>!
No translation for <Nombres>!
No translation for <Password>!
No translation for <Password>!
No translation for <Telefono 1>!
No translation for <Telefono 1>!
No translation for <Telefono 2>!
No translation for <Telefono 2>!
No translation for <Tipo doc>!
No translation for <Tipo doc>!
No translation for <Updated at>!
No translation for <Updated at>!
No translation for <Username>!
No translation for <Username>!
No translation for <Apellidos>!
No translation for <Apellidos>!
No translation for <Ciudad>!
No translation for <Ciudad>!
No translation for <Created at>!
No translation for <Created at>!
No translation for <Departamento>!
No translation for <Departamento>!
No translation for <Direccion>!
No translation for <Direccion>!
No translation for <Documento>!
No translation for <Documento>!
No translation for <Email>!
No translation for <Email>!
No translation for <Id>!
No translation for <Id>!
No translation for <Movil>!
No translation for <Movil>!
No translation for <Nombres>!
No translation for <Nombres>!
No translation for <Password>!
No translation for <Password>!
No translation for <Telefono 1>!
No translation for <Telefono 1>!
No translation for <Telefono 2>!
No translation for <Telefono 2>!
No translation for <Tipo doc>!
No translation for <Tipo doc>!
No translation for <Updated at>!
No translation for <Updated at>!
No translation for <Username>!
No translation for <Username>!
No translation for <Apellidos>!
No translation for <Apellidos>!
No translation for <Ciudad>!
No translation for <Ciudad>!
No translation for <Created at>!
No translation for <Created at>!
No translation for <Departamento>!
No translation for <Departamento>!
No translation for <Direccion>!
No translation for <Direccion>!
No translation for <Documento>!
No translation for <Documento>!
No translation for <Email>!
No translation for <Email>!
No translation for <Id>!
No translation for <Id>!
No translation for <Movil>!
No translation for <Movil>!
No translation for <Nombres>!
No translation for <Nombres>!
No translation for <Password>!
No translation for <Password>!
No translation for <Telefono 1>!
No translation for <Telefono 1>!
No translation for <Telefono 2>!
No translation for <Telefono 2>!
No translation for <Tipo doc>!
No translation for <Tipo doc>!
No translation for <Updated at>!
No translation for <Updated at>!
No translation for <Username>!
No translation for <Username>!
No translation for <Apellidos>!
No translation for <Apellidos>!
No translation for <Ciudad>!
No translation for <Ciudad>!
No translation for <Created at>!
No translation for <Created at>!
No translation for <Departamento>!
No translation for <Departamento>!
No translation for <Direccion>!
No translation for <Direccion>!
No translation for <Documento>!
No translation for <Documento>!
No translation for <Email>!
No translation for <Email>!
No translation for <Id>!
No translation for <Id>!
No translation for <Movil>!
No translation for <Movil>!
No translation for <Nombres>!
No translation for <Nombres>!
No translation for <Password>!
No translation for <Password>!
No translation for <Telefono 1>!
No translation for <Telefono 1>!
No translation for <Telefono 2>!
No translation for <Telefono 2>!
No translation for <Tipo doc>!
No translation for <Tipo doc>!
No translation for <Updated at>!
No translation for <Updated at>!
No translation for <Username>!
No translation for <Username>!
No translation for <Apellidos>!
No translation for <Apellidos>!
No translation for <Ciudad>!
No translation for <Ciudad>!
No translation for <Created at>!
No translation for <Created at>!
No translation for <Departamento>!
No translation for <Departamento>!
No translation for <Direccion>!
No translation for <Direccion>!
No translation for <Documento>!
No translation for <Documento>!
No translation for <Email>!
No translation for <Email>!
No translation for <Id>!
No translation for <Id>!
No translation for <Movil>!
No translation for <Movil>!
No translation for <Nombres>!
No translation for <Nombres>!
No translation for <Password>!
No translation for <Password>!
No translation for <Telefono 1>!
No translation for <Telefono 1>!
No translation for <Telefono 2>!
No translation for <Telefono 2>!
No translation for <Tipo doc>!
No translation for <Tipo doc>!
No translation for <Updated at>!
No translation for <Updated at>!
No translation for <Username>!
No translation for <Username>!
No translation for <Apellidos>!
No translation for <Apellidos>!
No translation for <Ciudad>!
No translation for <Ciudad>!
No translation for <Created at>!
No translation for <Created at>!
No translation for <Departamento>!
No translation for <Departamento>!
No translation for <Direccion>!
No translation for <Direccion>!
No translation for <Documento>!
No translation for <Documento>!
No translation for <Email>!
No translation for <Email>!
No translation for <Id>!
No translation for <Id>!
No translation for <Movil>!
No translation for <Movil>!
No translation for <Nombres>!
No translation for <Nombres>!
No translation for <Password>!
No translation for <Password>!
No translation for <Telefono 1>!
No translation for <Telefono 1>!
No translation for <Telefono 2>!
No translation for <Telefono 2>!
No translation for <Tipo doc>!
No translation for <Tipo doc>!
No translation for <Updated at>!
No translation for <Updated at>!
No translation for <Username>!
No translation for <Username>!
No translation for <Apellidos>!
No translation for <Apellidos>!
No translation for <Ciudad>!
No translation for <Ciudad>!
No translation for <Created at>!
No translation for <Created at>!
No translation for <Departamento>!
No translation for <Departamento>!
No translation for <Direccion>!
No translation for <Direccion>!
No translation for <Documento>!
No translation for <Documento>!
No translation for <Email>!
No translation for <Email>!
No translation for <Id>!
No translation for <Id>!
No translation for <Movil>!
No translation for <Movil>!
No translation for <Nombres>!
No translation for <Nombres>!
No translation for <Password>!
No translation for <Password>!
No translation for <Telefono 1>!
No translation for <Telefono 1>!
No translation for <Telefono 2>!
No translation for <Telefono 2>!
No translation for <Tipo doc>!
No translation for <Tipo doc>!
No translation for <Updated at>!
No translation for <Updated at>!
No translation for <Username>!
No translation for <Username>!
No translation for <Apellidos>!
No translation for <Apellidos>!
No translation for <Ciudad>!
No translation for <Ciudad>!
No translation for <Created at>!
No translation for <Created at>!
No translation for <Departamento>!
No translation for <Departamento>!
No translation for <Direccion>!
No translation for <Direccion>!
No translation for <Documento>!
No translation for <Documento>!
No translation for <Email>!
No translation for <Email>!
No translation for <Id>!
No translation for <Id>!
No translation for <Movil>!
No translation for <Movil>!
No translation for <Nombres>!
No translation for <Nombres>!
No translation for <Password>!
No translation for <Password>!
No translation for <Telefono 1>!
No translation for <Telefono 1>!
No translation for <Telefono 2>!
No translation for <Telefono 2>!
No translation for <Tipo doc>!
No translation for <Tipo doc>!
No translation for <Updated at>!
No translation for <Updated at>!
No translation for <Username>!
No translation for <Username>!
No translation for <Apellidos>!
No translation for <Apellidos>!
No translation for <Ciudad>!
No translation for <Ciudad>!
No translation for <Created at>!
No translation for <Created at>!
No translation for <Departamento>!
No translation for <Departamento>!
No translation for <Direccion>!
No translation for <Direccion>!
No translation for <Documento>!
No translation for <Documento>!
No translation for <Email>!
No translation for <Email>!
No translation for <Id>!
No translation for <Id>!
No translation for <Movil>!
No translation for <Movil>!
No translation for <Nombres>!
No translation for <Nombres>!
No translation for <Password>!
No translation for <Password>!
No translation for <Telefono 1>!
No translation for <Telefono 1>!
No translation for <Telefono 2>!
No translation for <Telefono 2>!
No translation for <Tipo doc>!
No translation for <Tipo doc>!
No translation for <Updated at>!
No translation for <Updated at>!
No translation for <Username>!
No translation for <Username>!
No translation for <Apellidos>!
No translation for <Apellidos>!
No translation for <Ciudad>!
No translation for <Ciudad>!
No translation for <Created at>!
No translation for <Created at>!
No translation for <Departamento>!
No translation for <Departamento>!
No translation for <Direccion>!
No translation for <Direccion>!
No translation for <Documento>!
No translation for <Documento>!
No translation for <Email>!
No translation for <Email>!
No translation for <Id>!
No translation for <Id>!
No translation for <Movil>!
No translation for <Movil>!
No translation for <Nombres>!
No translation for <Nombres>!
No translation for <Password>!
No translation for <Password>!
No translation for <Telefono 1>!
No translation for <Telefono 1>!
No translation for <Telefono 2>!
No translation for <Telefono 2>!
No translation for <Tipo doc>!
No translation for <Tipo doc>!
No translation for <Updated at>!
No translation for <Updated at>!
No translation for <Username>!
No translation for <Username>!
No translation for <Apellidos>!
No translation for <Apellidos>!
No translation for <Ciudad>!
No translation for <Ciudad>!
No translation for <Created at>!
No translation for <Created at>!
No translation for <Departamento>!
No translation for <Departamento>!
No translation for <Direccion>!
No translation for <Direccion>!
No translation for <Documento>!
No translation for <Documento>!
No translation for <Email>!
No translation for <Email>!
No translation for <Id>!
No translation for <Id>!
No translation for <Movil>!
No translation for <Movil>!
No translation for <Nombres>!
No translation for <Nombres>!
No translation for <Password>!
No translation for <Password>!
No translation for <Telefono 1>!
No translation for <Telefono 1>!
No translation for <Telefono 2>!
No translation for <Telefono 2>!
No translation for <Tipo doc>!
No translation for <Tipo doc>!
No translation for <Updated at>!
No translation for <Updated at>!
No translation for <Username>!
No translation for <Username>!
No translation for <Apellidos>!
No translation for <Apellidos>!
No translation for <Ciudad>!
No translation for <Ciudad>!
No translation for <Created at>!
No translation for <Created at>!
No translation for <Departamento>!
No translation for <Departamento>!
No translation for <Direccion>!
No translation for <Direccion>!
No translation for <Documento>!
No translation for <Documento>!
No translation for <Email>!
No translation for <Email>!
No translation for <Id>!
No translation for <Id>!
No translation for <Movil>!
No translation for <Movil>!
No translation for <Nombres>!
No translation for <Nombres>!
No translation for <Password>!
No translation for <Password>!
No translation for <Telefono 1>!
No translation for <Telefono 1>!
No translation for <Telefono 2>!
No translation for <Telefono 2>!
No translation for <Tipo doc>!
No translation for <Tipo doc>!
No translation for <Updated at>!
No translation for <Updated at>!
No translation for <Username>!
No translation for <Username>!
No translation for <Apellidos>!
No translation for <Apellidos>!
No translation for <Ciudad>!
No translation for <Ciudad>!
No translation for <Created at>!
No translation for <Created at>!
No translation for <Departamento>!
No translation for <Departamento>!
No translation for <Direccion>!
No translation for <Direccion>!
No translation for <Documento>!
No translation for <Documento>!
No translation for <Email>!
No translation for <Email>!
No translation for <Id>!
No translation for <Id>!
No translation for <Movil>!
No translation for <Movil>!
No translation for <Nombres>!
No translation for <Nombres>!
No translation for <Password>!
No translation for <Password>!
No translation for <Telefono 1>!
No translation for <Telefono 1>!
No translation for <Telefono 2>!
No translation for <Telefono 2>!
No translation for <Tipo doc>!
No translation for <Tipo doc>!
No translation for <Updated at>!
No translation for <Updated at>!
No translation for <Username>!
No translation for <Username>!
No translation for <Apellidos>!
No translation for <Apellidos>!
No translation for <Ciudad>!
No translation for <Ciudad>!
No translation for <Created at>!
No translation for <Created at>!
No translation for <Departamento>!
No translation for <Departamento>!
No translation for <Direccion>!
No translation for <Direccion>!
No translation for <Documento>!
No translation for <Documento>!
No translation for <Email>!
No translation for <Email>!
No translation for <Id>!
No translation for <Id>!
No translation for <Movil>!
No translation for <Movil>!
No translation for <Nombres>!
No translation for <Nombres>!
No translation for <Password>!
No translation for <Password>!
No translation for <Telefono 1>!
No translation for <Telefono 1>!
No translation for <Telefono 2>!
No translation for <Telefono 2>!
No translation for <Tipo doc>!
No translation for <Tipo doc>!
No translation for <Updated at>!
No translation for <Updated at>!
No translation for <Username>!
No translation for <Username>!
No translation for <Apellidos>!
No translation for <Apellidos>!
No translation for <Ciudad>!
No translation for <Ciudad>!
No translation for <Created at>!
No translation for <Created at>!
No translation for <Departamento>!
No translation for <Departamento>!
No translation for <Direccion>!
No translation for <Direccion>!
No translation for <Documento>!
No translation for <Documento>!
No translation for <Email>!
No translation for <Email>!
No translation for <Id>!
No translation for <Id>!
No translation for <Movil>!
No translation for <Movil>!
No translation for <Nombres>!
No translation for <Nombres>!
No translation for <Password>!
No translation for <Password>!
No translation for <Telefono 1>!
No translation for <Telefono 1>!
No translation for <Telefono 2>!
No translation for <Telefono 2>!
No translation for <Tipo doc>!
No translation for <Tipo doc>!
No translation for <Updated at>!
No translation for <Updated at>!
No translation for <Username>!
No translation for <Username>!
No translation for <Apellidos>!
No translation for <Apellidos>!
No translation for <Ciudad>!
No translation for <Ciudad>!
No translation for <Created at>!
No translation for <Created at>!
No translation for <Departamento>!
No translation for <Departamento>!
No translation for <Direccion>!
No translation for <Direccion>!
No translation for <Documento>!
No translation for <Documento>!
No translation for <Email>!
No translation for <Email>!
No translation for <Id>!
No translation for <Id>!
No translation for <Movil>!
No translation for <Movil>!
No translation for <Nombres>!
No translation for <Nombres>!
No translation for <Password>!
No translation for <Password>!
No translation for <Telefono 1>!
No translation for <Telefono 1>!
No translation for <Telefono 2>!
No translation for <Telefono 2>!
No translation for <Tipo doc>!
No translation for <Tipo doc>!
No translation for <Updated at>!
No translation for <Updated at>!
No translation for <Username>!
No translation for <Username>!
No translation for <Apellidos>!
No translation for <Apellidos>!
No translation for <Ciudad>!
No translation for <Ciudad>!
No translation for <Created at>!
No translation for <Created at>!
No translation for <Departamento>!
No translation for <Departamento>!
No translation for <Direccion>!
No translation for <Direccion>!
No translation for <Documento>!
No translation for <Documento>!
No translation for <Email>!
No translation for <Email>!
No translation for <Id>!
No translation for <Id>!
No translation for <Movil>!
No translation for <Movil>!
No translation for <Nombres>!
No translation for <Nombres>!
No translation for <Password>!
No translation for <Password>!
No translation for <Telefono 1>!
No translation for <Telefono 1>!
No translation for <Telefono 2>!
No translation for <Telefono 2>!
No translation for <Tipo doc>!
No translation for <Tipo doc>!
No translation for <Updated at>!
No translation for <Updated at>!
No translation for <Username>!
No translation for <Username>!
No translation for <Apellidos>!
No translation for <Apellidos>!
No translation for <Ciudad>!
No translation for <Ciudad>!
No translation for <Created at>!
No translation for <Created at>!
No translation for <Departamento>!
No translation for <Departamento>!
No translation for <Direccion>!
No translation for <Direccion>!
No translation for <Documento>!
No translation for <Documento>!
No translation for <Email>!
No translation for <Email>!
No translation for <Id>!
No translation for <Id>!
No translation for <Movil>!
No translation for <Movil>!
No translation for <Nombres>!
No translation for <Nombres>!
No translation for <Password>!
No translation for <Password>!
No translation for <Telefono 1>!
No translation for <Telefono 1>!
No translation for <Telefono 2>!
No translation for <Telefono 2>!
No translation for <Tipo doc>!
No translation for <Tipo doc>!
No translation for <Updated at>!
No translation for <Updated at>!
No translation for <Username>!
No translation for <Username>!
**** Started log at Sat Jul 05 22:44:00 -0500 2008
No translation for <Apellidos>!
No translation for <Apellidos>!
No translation for <Ciudad>!
No translation for <Ciudad>!
No translation for <Created at>!
No translation for <Created at>!
No translation for <Departamento>!
No translation for <Departamento>!
No translation for <Direccion>!
No translation for <Direccion>!
No translation for <Documento>!
No translation for <Documento>!
No translation for <Email>!
No translation for <Email>!
No translation for <Id>!
No translation for <Id>!
No translation for <Movil>!
No translation for <Movil>!
No translation for <Nombres>!
No translation for <Nombres>!
No translation for <Password>!
No translation for <Password>!
No translation for <Telefono 1>!
No translation for <Telefono 1>!
No translation for <Telefono 2>!
No translation for <Telefono 2>!
No translation for <Tipo doc>!
No translation for <Tipo doc>!
No translation for <Updated at>!
No translation for <Updated at>!
No translation for <Username>!
No translation for <Username>!
**** Started log at Sat Jul 05 22:47:31 -0500 2008
No translation for <Apellidos>!
No translation for <Apellidos>!
No translation for <Ciudad>!
No translation for <Ciudad>!
No translation for <Created at>!
No translation for <Created at>!
No translation for <Departamento>!
No translation for <Departamento>!
No translation for <Direccion>!
No translation for <Direccion>!
No translation for <Documento>!
No translation for <Documento>!
No translation for <Email>!
No translation for <Email>!
No translation for <Id>!
No translation for <Id>!
No translation for <Movil>!
No translation for <Movil>!
No translation for <Nombres>!
No translation for <Nombres>!
No translation for <Password>!
No translation for <Password>!
No translation for <Telefono 1>!
No translation for <Telefono 1>!
No translation for <Telefono 2>!
No translation for <Telefono 2>!
No translation for <Tipo doc>!
No translation for <Tipo doc>!
No translation for <Updated at>!
No translation for <Updated at>!
No translation for <Username>!
No translation for <Username>!
No translation for <Apellidos>!
No translation for <Apellidos>!
No translation for <Ciudad>!
No translation for <Ciudad>!
No translation for <Created at>!
No translation for <Created at>!
No translation for <Departamento>!
No translation for <Departamento>!
No translation for <Direccion>!
No translation for <Direccion>!
No translation for <Documento>!
No translation for <Documento>!
No translation for <Email>!
No translation for <Email>!
No translation for <Id>!
No translation for <Id>!
No translation for <Movil>!
No translation for <Movil>!
No translation for <Nombres>!
No translation for <Nombres>!
No translation for <Password>!
No translation for <Password>!
No translation for <Telefono 1>!
No translation for <Telefono 1>!
No translation for <Telefono 2>!
No translation for <Telefono 2>!
No translation for <Tipo doc>!
No translation for <Tipo doc>!
No translation for <Updated at>!
No translation for <Updated at>!
No translation for <Username>!
No translation for <Username>!
